#
# There is insufficient memory for the Java Runtime Environment to continue.
# Native memory allocation (mmap) failed to map 199229440 bytes. Error detail: G1 virtual space
# Possible reasons:
#   The system is out of physical RAM or swap space
#   This process is running with CompressedOops enabled, and the Java Heap may be blocking the growth of the native heap
# Possible solutions:
#   Reduce memory load on the system
#   Increase physical memory or swap space
#   Check if swap backing store is full
#   Decrease Java heap size (-Xmx/-Xms)
#   Decrease number of Java threads
#   Decrease Java thread stack sizes (-Xss)
#   Set larger code cache with -XX:ReservedCodeCacheSize=
#   JVM is running with Zero Based Compressed Oops mode in which the Java heap is
#     placed in the first 32GB address space. The Java Heap base address is the
#     maximum limit for the native heap growth. Please use -XX:HeapBaseMinAddress
#     to set the Java Heap base and to place the Java Heap above 32GB virtual address.
# This output file may be truncated or incomplete.
#
#  Out of Memory Error (os_windows.cpp:3703), pid=19424, tid=6296
#
# JRE version:  (23.0.1+11) (build )
# Java VM: Java HotSpot(TM) 64-Bit Server VM (23.0.1+11-39, mixed mode, sharing, tiered, compressed oops, compressed class ptrs, g1 gc, windows-amd64)
# No core dump will be written. Minidumps are not enabled by default on client versions of Windows
#

---------------  S U M M A R Y ------------

Command Line: C:\Users\Kurumi\AppData\Local\Temp\surefire262003646908258280\surefirebooter-20250117214435341_3.jar C:\Users\Kurumi\AppData\Local\Temp\surefire262003646908258280 2025-01-17T21-44-35_176-jvmRun1 surefire-20250117214435341_1tmp surefire_0-20250117214435341_2tmp

Host: Intel(R) Core(TM) i5-8300H CPU @ 2.30GHz, 8 cores, 11G,  Windows 10 , 64 bit Build 19041 (10.0.19041.5198)
Time: Fri Jan 17 21:44:35 2025 SA Pacific Standard Time elapsed time: 0.018028 seconds (0d 0h 0m 0s)

---------------  T H R E A D  ---------------

Current thread (0x000001ab76920910):  JavaThread "Unknown thread" [_thread_in_vm, id=6296, stack(0x0000002452900000,0x0000002452a00000) (1024K)]

Stack: [0x0000002452900000,0x0000002452a00000]
Native frames: (J=compiled Java code, j=interpreted, Vv=VM code, C=native code)
V  [jvm.dll+0x6e08b9]  (no source info available)
V  [jvm.dll+0x87dc83]  (no source info available)
V  [jvm.dll+0x88010e]  (no source info available)
V  [jvm.dll+0x8807e3]  (no source info available)
V  [jvm.dll+0x27aee6]  (no source info available)
V  [jvm.dll+0x6dd1c5]  (no source info available)
V  [jvm.dll+0x6d104a]  (no source info available)
V  [jvm.dll+0x35b3ea]  (no source info available)
V  [jvm.dll+0x3637f6]  (no source info available)
V  [jvm.dll+0x34fd5e]  (no source info available)
V  [jvm.dll+0x34fff8]  (no source info available)
V  [jvm.dll+0x3289cc]  (no source info available)
V  [jvm.dll+0x32966e]  (no source info available)
V  [jvm.dll+0x844355]  (no source info available)
V  [jvm.dll+0x3b9848]  (no source info available)
V  [jvm.dll+0x82d14c]  (no source info available)
V  [jvm.dll+0x454d4e]  (no source info available)
V  [jvm.dll+0x456bd1]  (no source info available)
C  [jli.dll+0x52a3]  (no source info available)
C  [ucrtbase.dll+0x21bb2]  (no source info available)
C  [KERNEL32.DLL+0x17374]  (no source info available)
C  [ntdll.dll+0x4cc91]  (no source info available)

Lock stack of current Java thread (top to bottom):


---------------  P R O C E S S  ---------------

Threads class SMR info:
_java_thread_list=0x00007ffca1bd3618, length=0, elements={
}

Java Threads: ( => current thread )
Total: 0

Other Threads:
  0x000001ab78b554f0 WorkerThread "GC Thread#0"                     [id=8324, stack(0x0000002452a00000,0x0000002452b00000) (1024K)]
  0x000001ab78b653e0 ConcurrentGCThread "G1 Main Marker"            [id=12160, stack(0x0000002452b00000,0x0000002452c00000) (1024K)]
  0x000001ab78b66690 WorkerThread "G1 Conc#0"                       [id=14940, stack(0x0000002452c00000,0x0000002452d00000) (1024K)]

[error occurred during error reporting (printing all threads), id 0xc0000005, EXCEPTION_ACCESS_VIOLATION (0xc0000005) at pc=0x00007ffca131bfba]
VM state: not at safepoint (not fully initialized)

VM Mutex/Monitor currently owned by a thread:  ([mutex/lock_event])
[0x00007ffca1c53a10] Heap_lock - owner thread: 0x000001ab76920910

Heap address: 0x0000000742600000, size: 3034 MB, Compressed Oops mode: Zero based, Oop shift amount: 3

CDS archive(s) mapped at: [0x0000000000000000-0x0000000000000000-0x0000000000000000), size 0, SharedBaseAddress: 0x0000000800000000, ArchiveRelocationMode: 1.
Narrow klass base: 0x0000000000000000, Narrow klass shift: 0, Narrow klass range: 0x0

GC Precious Log:
 CardTable entry size: 512
 Card Set container configuration: InlinePtr #cards 4 size 8 Array Of Cards #cards 16 size 48 Howl #buckets 8 coarsen threshold 3686 Howl Bitmap #cards 512 size 80 coarsen threshold 460 Card regions per heap region 1 cards per card region 4096

Heap:
 garbage-first heap   total reserved 3106816K, committed 0K, used 0K [0x0000000742600000, 0x0000000800000000)
  region size 2048K, 0 young (0K), 0 survivors (0K)

[error occurred during error reporting (printing heap information), id 0xc0000005, EXCEPTION_ACCESS_VIOLATION (0xc0000005) at pc=0x00007ffca171c3c9]
GC Heap History (0 events):
No events

Dll operation events (1 events):
Event: 0.007 Loaded shared library C:\Program Files\Java\jdk-23\bin\java.dll

Deoptimization events (0 events):
No events

Classes loaded (0 events):
No events

Classes unloaded (0 events):
No events

Classes redefined (0 events):
No events

Internal exceptions (0 events):
No events

VM Operations (0 events):
No events

Memory protections (0 events):
No events

Nmethod flushes (0 events):
No events

Events (0 events):
No events


Dynamic libraries:
0x00007ff726d70000 - 0x00007ff726d80000 	C:\Program Files\Java\jdk-23\bin\java.exe
0x00007ffcd2e10000 - 0x00007ffcd3008000 	C:\Windows\SYSTEM32\ntdll.dll
0x00007ffcd2aa0000 - 0x00007ffcd2b62000 	C:\Windows\System32\KERNEL32.DLL
0x00007ffcd07f0000 - 0x00007ffcd0aef000 	C:\Windows\System32\KERNELBASE.dll
0x00007ffcd05d0000 - 0x00007ffcd06d0000 	C:\Windows\System32\ucrtbase.dll
0x00007ffcb4430000 - 0x00007ffcb444b000 	C:\Program Files\Java\jdk-23\bin\VCRUNTIME140.dll
0x00007ffcb4450000 - 0x00007ffcb4467000 	C:\Program Files\Java\jdk-23\bin\jli.dll
0x00007ffcd0e20000 - 0x00007ffcd0fbd000 	C:\Windows\System32\USER32.dll
0x00007ffcd0c60000 - 0x00007ffcd0c82000 	C:\Windows\System32\win32u.dll
0x00007ffcb4ed0000 - 0x00007ffcb516a000 	C:\Windows\WinSxS\amd64_microsoft.windows.common-controls_6595b64144ccf1df_6.0.19041.4355_none_60b8b9eb71f62e16\COMCTL32.dll
0x00007ffcd10c0000 - 0x00007ffcd10eb000 	C:\Windows\System32\GDI32.dll
0x00007ffcd0fc0000 - 0x00007ffcd105e000 	C:\Windows\System32\msvcrt.dll
0x00007ffcd0b40000 - 0x00007ffcd0c57000 	C:\Windows\System32\gdi32full.dll
0x00007ffcd04a0000 - 0x00007ffcd053d000 	C:\Windows\System32\msvcp_win.dll
0x00007ffcd2a60000 - 0x00007ffcd2a8f000 	C:\Windows\System32\IMM32.DLL
0x00007ffcb60b0000 - 0x00007ffcb60bc000 	C:\Program Files\Java\jdk-23\bin\vcruntime140_1.dll
0x00007ffca8180000 - 0x00007ffca820e000 	C:\Program Files\Java\jdk-23\bin\msvcp140.dll
0x00007ffca0fe0000 - 0x00007ffca1d2f000 	C:\Program Files\Java\jdk-23\bin\server\jvm.dll
0x00007ffcd1440000 - 0x00007ffcd14f1000 	C:\Windows\System32\ADVAPI32.dll
0x00007ffcd2cd0000 - 0x00007ffcd2d6f000 	C:\Windows\System32\sechost.dll
0x00007ffcd2b90000 - 0x00007ffcd2cb3000 	C:\Windows\System32\RPCRT4.dll
0x00007ffcd0c90000 - 0x00007ffcd0cb7000 	C:\Windows\System32\bcrypt.dll
0x00007ffcd1ab0000 - 0x00007ffcd1b1b000 	C:\Windows\System32\WS2_32.dll
0x00007ffccfa30000 - 0x00007ffccfa7b000 	C:\Windows\SYSTEM32\POWRPROF.dll
0x00007ffcbe380000 - 0x00007ffcbe3a7000 	C:\Windows\SYSTEM32\WINMM.dll
0x00007ffccabf0000 - 0x00007ffccabfa000 	C:\Windows\SYSTEM32\VERSION.dll
0x00007ffccf8a0000 - 0x00007ffccf8b2000 	C:\Windows\SYSTEM32\UMPDC.dll
0x00007ffcce320000 - 0x00007ffcce332000 	C:\Windows\SYSTEM32\kernel.appcore.dll
0x00007ffcb47e0000 - 0x00007ffcb47ea000 	C:\Program Files\Java\jdk-23\bin\jimage.dll
0x00007ffcbf300000 - 0x00007ffcbf4e4000 	C:\Windows\SYSTEM32\DBGHELP.DLL
0x00007ffcbef90000 - 0x00007ffcbefc4000 	C:\Windows\SYSTEM32\dbgcore.DLL
0x00007ffcd0540000 - 0x00007ffcd05c2000 	C:\Windows\System32\bcryptPrimitives.dll
0x00007ffcb4230000 - 0x00007ffcb424e000 	C:\Program Files\Java\jdk-23\bin\java.dll
0x00007ffcd1980000 - 0x00007ffcd1aab000 	C:\Windows\System32\ole32.dll
0x00007ffcd2420000 - 0x00007ffcd2775000 	C:\Windows\System32\combase.dll
0x00007ffcd1cb0000 - 0x00007ffcd241e000 	C:\Windows\System32\SHELL32.dll

dbghelp: loaded successfully - version: 4.0.5 - missing functions: none
symbol engine: initialized successfully - sym options: 0x614 - pdb path: .;C:\Program Files\Java\jdk-23\bin;C:\Windows\SYSTEM32;C:\Windows\WinSxS\amd64_microsoft.windows.common-controls_6595b64144ccf1df_6.0.19041.4355_none_60b8b9eb71f62e16;C:\Program Files\Java\jdk-23\bin\server

VM Arguments:
java_command: C:\Users\Kurumi\AppData\Local\Temp\surefire262003646908258280\surefirebooter-20250117214435341_3.jar C:\Users\Kurumi\AppData\Local\Temp\surefire262003646908258280 2025-01-17T21-44-35_176-jvmRun1 surefire-20250117214435341_1tmp surefire_0-20250117214435341_2tmp
java_class_path (initial): C:\Users\Kurumi\AppData\Local\Temp\surefire262003646908258280\surefirebooter-20250117214435341_3.jar
Launcher Type: SUN_STANDARD

[Global flags]
     intx CICompilerCount                          = 4                                         {product} {ergonomic}
     uint ConcGCThreads                            = 2                                         {product} {ergonomic}
     uint G1ConcRefinementThreads                  = 8                                         {product} {ergonomic}
   size_t G1HeapRegionSize                         = 2097152                                   {product} {ergonomic}
   size_t InitialHeapSize                          = 199229440                                 {product} {ergonomic}
   size_t MarkStackSize                            = 4194304                                   {product} {ergonomic}
   size_t MarkStackSizeMax                         = 536870912                                 {product} {ergonomic}
   size_t MaxHeapSize                              = 3181379584                                {product} {ergonomic}
   size_t MinHeapDeltaBytes                        = 2097152                                   {product} {ergonomic}
   size_t MinHeapSize                              = 8388608                                   {product} {ergonomic}
    uintx NonNMethodCodeHeapSize                   = 5832704                                {pd product} {ergonomic}
    uintx NonProfiledCodeHeapSize                  = 122945536                              {pd product} {ergonomic}
     bool PerfDisableSharedMem                     = true                                      {product} {ergonomic}
    uintx ProfiledCodeHeapSize                     = 122880000                              {pd product} {ergonomic}
    uintx ReservedCodeCacheSize                    = 251658240                              {pd product} {ergonomic}
     bool SegmentedCodeCache                       = true                                      {product} {ergonomic}
   size_t SoftMaxHeapSize                          = 3181379584                             {manageable} {ergonomic}
     bool UseCompressedOops                        = true                           {product lp64_product} {ergonomic}
     bool UseG1GC                                  = true                                      {product} {ergonomic}
     bool UseLargePagesIndividualAllocation        = false                                  {pd product} {ergonomic}

Logging:
Log output configuration:
 #0: stdout all=warning uptime,level,tags foldmultilines=false
 #1: stderr all=off uptime,level,tags foldmultilines=false

Environment Variables:
JAVA_HOME=C:\Program Files\Java\jdk-23
PATH=C:\Program Files\Common Files\Oracle\Java\javapath;C:\Program Files (x86)\Common Files\Oracle\Java\java8path;C:\Program Files (x86)\Common Files\Oracle\Java\javapath;C:\Windows\system32;C:\Windows;C:\Windows\System32\Wbem;C:\Windows\System32\WindowsPowerShell\v1.0\;C:\Windows\System32\OpenSSH\;C:\apache-maven-3.9.9-src\apache-maven-3.9.9;C:\Program Files\Java\jdk-23\bin;C:\apache-maven-3.9.9-src\apache-maven-3.9.9\bin;C:\Program Files\Git\cmd;C:\Program Files (x86)\NVIDIA Corporation\PhysX\Common;C:\Program Files\NVIDIA Corporation\NVIDIA app\NvDLISR;C:\Program Files\Cloudflare\Cloudflare WARP\;C:\Program Files\MySQL\MySQL Shell 8.0\bin\;C:\Users\Kurumi\AppData\Local\Programs\Python\Launcher\;C:\Users\Kurumi\AppData\Local\Microsoft\WindowsApps;C:\Program Files\JetBrains\IntelliJ IDEA 2024.3\bin;;C:\apache-maven-3.9.9-src\apache-maven-3.9.9;;C:\Program Files\JetBrains\DataGrip 2024.3\bin;;C:\Users\Kurumi\AppData\Local\Programs\Microsoft VS Code\bin;C:\Users\Kurumi\.lmstudio\bin
USERNAME=Kurumi
OS=Windows_NT
PROCESSOR_IDENTIFIER=Intel64 Family 6 Model 158 Stepping 10, GenuineIntel
TMP=C:\Users\Kurumi\AppData\Local\Temp
TEMP=C:\Users\Kurumi\AppData\Local\Temp




Periodic native trim disabled

---------------  S Y S T E M  ---------------

OS:
 Windows 10 , 64 bit Build 19041 (10.0.19041.5198)
OS uptime: 0 days 14:45 hours

CPU: total 8 (initial active 8) (4 cores per cpu, 2 threads per core) family 6 model 158 stepping 10 microcode 0xb4, cx8, cmov, fxsr, ht, mmx, 3dnowpref, sse, sse2, sse3, ssse3, sse4.1, sse4.2, popcnt, lzcnt, tsc, tscinvbit, avx, avx2, aes, erms, clmul, bmi1, bmi2, adx, fma, vzeroupper, clflush, clflushopt, rdtscp, f16c
Processor Information for the first 8 processors :
  Max Mhz: 2304, Current Mhz: 2304, Mhz Limit: 2304

Memory: 4k page, system-wide physical 12130M (2071M free)
TotalPageFile size 14178M (AvailPageFile size 20M)
current process WorkingSet (physical memory assigned to process): 11M, peak: 11M
current process commit charge ("private bytes"): 60M, peak: 250M

vm_info: Java HotSpot(TM) 64-Bit Server VM (23.0.1+11-39) for windows-amd64 JRE (23.0.1+11-39), built on 2024-09-30T07:20:43Z with MS VC++ 17.6 (VS2022)

END.
